    OpenRGB v0.9+ (1.0rc2)
    Commit:  from 
    Launched: 20260409_131230
====================================================================================================

1     |Info:    [ProfileManager] Found file: G102-warm-yellow.orp attempting to validate header
1     |Info:    [ProfileManager] Valid v5 profile found for G102-warm-yellow
1085  |Info:    [ResourceManager] Initializing HID interfaces: Success
1085  |Info:    ------------------------------------------------------
1085  |Info:    |               Start device detection               |
1085  |Info:    ------------------------------------------------------
1087  |Info:    ------------------------------------------------------
1087  |Info:    |             Detecting I2C interfaces               |
1087  |Info:    ------------------------------------------------------
1087  |Info:    [ResourceManager] Registering I2C interface: /dev/i2c-3 Device 8086:A78B Subsystem: 17AA:3D07
1087  |Info:    [ResourceManager] Registering I2C interface: /dev/i2c-10 Device 8086:A78B Subsystem: 17AA:3D07
1087  |Info:    [ResourceManager] Registering I2C interface: /dev/i2c-1 Device 0000:0000 Subsystem: 0000:0000
1087  |Info:    [ResourceManager] Registering I2C interface: /dev/i2c-8 Device 8086:A78B Subsystem: 17AA:3D07
1087  |Info:    [ResourceManager] Registering I2C interface: /dev/i2c-6 Device 8086:A78B Subsystem: 17AA:3D07
1087  |Warning: [i2c_smbus_linux] Failed to read i2c device PCI device ID
1087  |Info:    [ResourceManager] Registering I2C interface: /dev/i2c-13 Device 0000:0000 Subsystem: 0000:0000
1087  |Info:    [ResourceManager] Registering I2C interface: /dev/i2c-4 Device 8086:A78B Subsystem: 17AA:3D07
1087  |Warning: [i2c_smbus_linux] Failed to read i2c device PCI device ID
1087  |Info:    [ResourceManager] Registering I2C interface: /dev/i2c-11 Device 0000:0000 Subsystem: 0000:0000
1087  |Info:    [ResourceManager] Registering I2C interface: /dev/i2c-2 Device 8086:A78B Subsystem: 17AA:3D07
1087  |Info:    [ResourceManager] Registering I2C interface: /dev/i2c-SYNA2BA6:00 Device 0000:0000 Subsystem: 0000:0000
1087  |Info:    [ResourceManager] Registering I2C interface: /dev/i2c-0 Device 0000:0000 Subsystem: 0000:0000
1087  |Info:    [ResourceManager] Registering I2C interface: /dev/i2c-9 Device 8086:A78B Subsystem: 17AA:3D07
1087  |Info:    [ResourceManager] Registering I2C interface: /dev/i2c-7 Device 8086:A78B Subsystem: 17AA:3D07
1087  |Info:    [ResourceManager] Registering I2C interface: /dev/i2c-14 Device 8086:7A23 Subsystem: 17AA:3807
1087  |Info:    [ResourceManager] Registering I2C interface: /dev/i2c-5 Device 8086:A78B Subsystem: 17AA:3D07
1087  |Warning: [i2c_smbus_linux] Failed to read i2c device PCI device ID
1087  |Info:    [ResourceManager] Registering I2C interface: /dev/i2c-12 Device 0000:0000 Subsystem: 0000:0000
1087  |Info:    ------------------------------------------------------
1087  |Info:    |               Detecting I2C devices                |
1087  |Info:    ------------------------------------------------------
4610  |Info:    ------------------------------------------------------
4610  |Info:    |            Detecting I2C DIMM modules              |
4610  |Info:    ------------------------------------------------------
5946  |Info:    ------------------------------------------------------
5946  |Info:    |               Detecting I2C PCI devices            |
5946  |Info:    ------------------------------------------------------
5947  |Info:    ------------------------------------------------------
5947  |Info:    |               Detecting HID devices                |
5947  |Info:    ------------------------------------------------------
5947  |Info:    ------------------------------------------------------
5947  |Info:    |            Detecting libusb HID devices            |
5947  |Info:    ------------------------------------------------------
5949  |Info:    ------------------------------------------------------
5949  |Info:    |              Detecting other devices               |
5949  |Info:    ------------------------------------------------------
5961  |Info:    [ResourceManager] Calling Post-detection callbacks
5961  |Info:    ------------------------------------------------------
5961  |Info:    |                Detection completed                 |
5961  |Info:    ------------------------------------------------------
5961  |Dialog:  <h2>Some internal devices may not be detected:</h2><p>One or more I2C or SMBus interfaces failed to initialize.</p><p><b>RGB DRAM modules, some motherboards' onboard RGB lighting, and RGB Graphics Cards, will not be available in OpenRGB</b> without I2C or SMBus.</p><h4>How to fix this:</h4><p>On Linux, this is usually because the i2c-dev module is not loaded.</p><p>You must load the i2c-dev module along with the correct i2c driver for your motherboard. This is usually i2c-piix4 for AMD systems and i2c-i801 for Intel systems.</p><p>See <a href='https://help.openrgb.org/'>help.openrgb.org</a> for additional troubleshooting steps if you keep seeing this message.<br></p><h3>If you are not using internal RGB on a desktop this message is not important to you.</h3>
