    OpenRGB v0.9+ (1.0rc2)
    Commit:  from 
    Launched: 20260328_131310
====================================================================================================

1     |Info:    [ProfileManager] Found file: G102-warm-yellow.orp attempting to validate header
2     |Info:    [ProfileManager] Valid v5 profile found for G102-warm-yellow
1084  |Info:    [ResourceManager] Initializing HID interfaces: Success
1084  |Info:    ------------------------------------------------------
1084  |Info:    |               Start device detection               |
1084  |Info:    ------------------------------------------------------
1090  |Info:    ------------------------------------------------------
1090  |Info:    |             Detecting I2C interfaces               |
1090  |Info:    ------------------------------------------------------
1090  |Info:    [ResourceManager] Registering I2C interface: /dev/i2c-3 Device 8086:A78B Subsystem: 17AA:3D07
1090  |Info:    [ResourceManager] Registering I2C interface: /dev/i2c-10 Device 8086:A78B Subsystem: 17AA:3D07
1090  |Info:    [ResourceManager] Registering I2C interface: /dev/i2c-1 Device 0000:0000 Subsystem: 0000:0000
1090  |Info:    [ResourceManager] Registering I2C interface: /dev/i2c-8 Device 8086:A78B Subsystem: 17AA:3D07
1090  |Info:    [ResourceManager] Registering I2C interface: /dev/i2c-6 Device 8086:A78B Subsystem: 17AA:3D07
1090  |Warning: [i2c_smbus_linux] Failed to read i2c device PCI device ID
1090  |Info:    [ResourceManager] Registering I2C interface: /dev/i2c-13 Device 0000:0000 Subsystem: 0000:0000
1090  |Info:    [ResourceManager] Registering I2C interface: /dev/i2c-4 Device 8086:A78B Subsystem: 17AA:3D07
1090  |Warning: [i2c_smbus_linux] Failed to read i2c device PCI device ID
1090  |Info:    [ResourceManager] Registering I2C interface: /dev/i2c-11 Device 0000:0000 Subsystem: 0000:0000
1090  |Info:    [ResourceManager] Registering I2C interface: /dev/i2c-2 Device 8086:A78B Subsystem: 17AA:3D07
1090  |Info:    [ResourceManager] Registering I2C interface: /dev/i2c-0 Device 0000:0000 Subsystem: 0000:0000
1091  |Info:    [ResourceManager] Registering I2C interface: /dev/i2c-9 Device 8086:A78B Subsystem: 17AA:3D07
1091  |Info:    [ResourceManager] Registering I2C interface: /dev/i2c-7 Device 8086:A78B Subsystem: 17AA:3D07
1091  |Info:    [ResourceManager] Registering I2C interface: /dev/i2c-14 Device 8086:7A23 Subsystem: 17AA:3807
1091  |Info:    [ResourceManager] Registering I2C interface: /dev/i2c-5 Device 8086:A78B Subsystem: 17AA:3D07
1091  |Warning: [i2c_smbus_linux] Failed to read i2c device PCI device ID
1091  |Info:    [ResourceManager] Registering I2C interface: /dev/i2c-12 Device 0000:0000 Subsystem: 0000:0000
1091  |Info:    ------------------------------------------------------
1091  |Info:    |               Detecting I2C devices                |
1091  |Info:    ------------------------------------------------------
1551  |Info:    ------------------------------------------------------
1551  |Info:    |            Detecting I2C DIMM modules              |
1551  |Info:    ------------------------------------------------------
1560  |Info:    [ResourceManager] Detected occupied slot 1, bus 12, type Key: 2
1563  |Info:    [ResourceManager] Detected occupied slot 3, bus 12, type Key: 2
1563  |Info:    ------------------------------------------------------
1563  |Info:    |               Detecting I2C PCI devices            |
1563  |Info:    ------------------------------------------------------
1565  |Info:    ------------------------------------------------------
1565  |Info:    |               Detecting HID devices                |
1565  |Info:    ------------------------------------------------------
1617  |Info:    [ROYUAN Akko Multi-modes Keyboard-B] Registering RGB controller
1620  |Info:    [Logitech G203 Lightsync] Registering RGB controller
1620  |Info:    ------------------------------------------------------
1620  |Info:    |            Detecting libusb HID devices            |
1620  |Info:    ------------------------------------------------------
1634  |Info:    ------------------------------------------------------
1634  |Info:    |              Detecting other devices               |
1634  |Info:    ------------------------------------------------------
1675  |Info:    [ResourceManager] Calling Post-detection callbacks
1675  |Info:    ------------------------------------------------------
1675  |Info:    |                Detection completed                 |
1675  |Info:    ------------------------------------------------------
1675  |Info:    [ProfileManager] Profile loading: Succeeded for ROYUAN Akko Multi-modes Keyboard-B @ HID: /dev/hidraw2
1675  |Info:    [ProfileManager] Profile loading: Succeeded for Logitech G203 Lightsync @ HID: /dev/hidraw4
