    OpenRGB v0.9+ (1.0rc2)
    Commit:  from 
    Launched: 20260619_175846
====================================================================================================

0     |Info:    [ProfileManager] Found file: warm-yellow.orp attempting to validate header
0     |Info:    [ProfileManager] Valid v5 profile found for warm-yellow
0     |Info:    [ProfileManager] Found file: warm-yellow-mouse-only.orp attempting to validate header
0     |Info:    [ProfileManager] Valid v5 profile found for warm-yellow-mouse-only
0     |Info:    [ProfileManager] Found file: G102-warm-yellow.orp attempting to validate header
0     |Info:    [ProfileManager] Valid v5 profile found for G102-warm-yellow
54    |Info:    [ResourceManager] Initializing HID interfaces: Success
54    |Info:    ------------------------------------------------------
54    |Info:    |               Start device detection               |
54    |Info:    ------------------------------------------------------
57    |Info:    ------------------------------------------------------
57    |Info:    |             Detecting I2C interfaces               |
57    |Info:    ------------------------------------------------------
57    |Info:    [ResourceManager] Registering I2C interface: /dev/i2c-3 Device 10DE:28E1 Subsystem: 17AA:3D06
57    |Info:    [ResourceManager] Registering I2C interface: /dev/i2c-1 Device 0000:0000 Subsystem: 0000:0000
57    |Info:    [ResourceManager] Registering I2C interface: /dev/i2c-6 Device 8086:7A23 Subsystem: 17AA:3807
57    |Info:    [ResourceManager] Registering I2C interface: /dev/i2c-4 Device 10DE:28E1 Subsystem: 17AA:3D06
57    |Info:    [ResourceManager] Registering I2C interface: /dev/i2c-2 Device 10DE:28E1 Subsystem: 17AA:3D06
57    |Info:    [ResourceManager] Registering I2C interface: /dev/i2c-SYNA2BA6:00 Device 0000:0000 Subsystem: 0000:0000
57    |Info:    [ResourceManager] Registering I2C interface: /dev/i2c-0 Device 0000:0000 Subsystem: 0000:0000
57    |Info:    [ResourceManager] Registering I2C interface: /dev/i2c-5 Device 10DE:28E1 Subsystem: 17AA:3D06
57    |Info:    ------------------------------------------------------
57    |Info:    |               Detecting I2C devices                |
57    |Info:    ------------------------------------------------------
