    OpenRGB v0.9+ (1.0rc2)
    Commit:  from 
    Launched: 20260328_140958
====================================================================================================

1     |Info:    [ProfileManager] Found file: G102-warm-yellow.orp attempting to validate header
1     |Info:    [ProfileManager] Valid v5 profile found for G102-warm-yellow
1088  |Info:    [ResourceManager] Initializing HID interfaces: Success
1088  |Info:    ------------------------------------------------------
1088  |Info:    |               Start device detection               |
1088  |Info:    ------------------------------------------------------
1091  |Info:    ------------------------------------------------------
1091  |Info:    |             Detecting I2C interfaces               |
1091  |Info:    ------------------------------------------------------
1091  |Info:    [ResourceManager] Registering I2C interface: /dev/i2c-3 Device 8086:A78B Subsystem: 17AA:3D07
1091  |Info:    [ResourceManager] Registering I2C interface: /dev/i2c-10 Device 8086:A78B Subsystem: 17AA:3D07
1091  |Info:    [ResourceManager] Registering I2C interface: /dev/i2c-1 Device 0000:0000 Subsystem: 0000:0000
1091  |Info:    [ResourceManager] Registering I2C interface: /dev/i2c-8 Device 8086:A78B Subsystem: 17AA:3D07
1091  |Info:    [ResourceManager] Registering I2C interface: /dev/i2c-6 Device 8086:A78B Subsystem: 17AA:3D07
1091  |Warning: [i2c_smbus_linux] Failed to read i2c device PCI device ID
1091  |Info:    [ResourceManager] Registering I2C interface: /dev/i2c-13 Device 0000:0000 Subsystem: 0000:0000
1092  |Info:    [ResourceManager] Registering I2C interface: /dev/i2c-4 Device 8086:A78B Subsystem: 17AA:3D07
1092  |Warning: [i2c_smbus_linux] Failed to read i2c device PCI device ID
1092  |Info:    [ResourceManager] Registering I2C interface: /dev/i2c-11 Device 0000:0000 Subsystem: 0000:0000
1092  |Info:    [ResourceManager] Registering I2C interface: /dev/i2c-2 Device 8086:A78B Subsystem: 17AA:3D07
1092  |Info:    [ResourceManager] Registering I2C interface: /dev/i2c-0 Device 0000:0000 Subsystem: 0000:0000
1092  |Info:    [ResourceManager] Registering I2C interface: /dev/i2c-9 Device 8086:A78B Subsystem: 17AA:3D07
1092  |Info:    [ResourceManager] Registering I2C interface: /dev/i2c-7 Device 8086:A78B Subsystem: 17AA:3D07
1092  |Info:    [ResourceManager] Registering I2C interface: /dev/i2c-14 Device 8086:7A23 Subsystem: 17AA:3807
1092  |Info:    [ResourceManager] Registering I2C interface: /dev/i2c-5 Device 8086:A78B Subsystem: 17AA:3D07
1092  |Warning: [i2c_smbus_linux] Failed to read i2c device PCI device ID
1092  |Info:    [ResourceManager] Registering I2C interface: /dev/i2c-12 Device 0000:0000 Subsystem: 0000:0000
1092  |Info:    ------------------------------------------------------
1092  |Info:    |               Detecting I2C devices                |
1092  |Info:    ------------------------------------------------------
4599  |Info:    ------------------------------------------------------
4599  |Info:    |            Detecting I2C DIMM modules              |
4599  |Info:    ------------------------------------------------------
5935  |Info:    ------------------------------------------------------
5935  |Info:    |               Detecting I2C PCI devices            |
5935  |Info:    ------------------------------------------------------
5936  |Info:    ------------------------------------------------------
5936  |Info:    |               Detecting HID devices                |
5936  |Info:    ------------------------------------------------------
5936  |Info:    ------------------------------------------------------
5936  |Info:    |            Detecting libusb HID devices            |
5936  |Info:    ------------------------------------------------------
5939  |Info:    ------------------------------------------------------
5939  |Info:    |              Detecting other devices               |
5939  |Info:    ------------------------------------------------------
5951  |Info:    [ResourceManager] Calling Post-detection callbacks
5951  |Info:    ------------------------------------------------------
5951  |Info:    |                Detection completed                 |
5951  |Info:    ------------------------------------------------------
