    OpenRGB v0.9+ (1.0rc2)
    Commit:  from 
    Launched: 20260619_154516
====================================================================================================

0     |Info:    [ProfileManager] Found file: warm-yellow.orp attempting to validate header
0     |Info:    [ProfileManager] Valid v5 profile found for warm-yellow
0     |Info:    [ProfileManager] Found file: warm-yellow-2.orp attempting to validate header
0     |Info:    [ProfileManager] Valid v5 profile found for warm-yellow-2
0     |Info:    [ProfileManager] Found file: G102-warm-yellow.orp attempting to validate header
0     |Info:    [ProfileManager] Valid v5 profile found for G102-warm-yellow
53    |Info:    [ResourceManager] Initializing HID interfaces: Success
53    |Info:    ------------------------------------------------------
53    |Info:    |               Start device detection               |
53    |Info:    ------------------------------------------------------
57    |Info:    ------------------------------------------------------
57    |Info:    |             Detecting I2C interfaces               |
57    |Info:    ------------------------------------------------------
57    |Info:    [ResourceManager] Registering I2C interface: /dev/i2c-3 Device 10DE:28E1 Subsystem: 17AA:3D06
57    |Info:    [ResourceManager] Registering I2C interface: /dev/i2c-1 Device 0000:0000 Subsystem: 0000:0000
57    |Info:    [ResourceManager] Registering I2C interface: /dev/i2c-6 Device 8086:7A23 Subsystem: 17AA:3807
57    |Info:    [ResourceManager] Registering I2C interface: /dev/i2c-4 Device 10DE:28E1 Subsystem: 17AA:3D06
57    |Info:    [ResourceManager] Registering I2C interface: /dev/i2c-2 Device 10DE:28E1 Subsystem: 17AA:3D06
57    |Info:    [ResourceManager] Registering I2C interface: /dev/i2c-SYNA2BA6:00 Device 0000:0000 Subsystem: 0000:0000
57    |Info:    [ResourceManager] Registering I2C interface: /dev/i2c-0 Device 0000:0000 Subsystem: 0000:0000
57    |Info:    [ResourceManager] Registering I2C interface: /dev/i2c-5 Device 10DE:28E1 Subsystem: 17AA:3D06
57    |Info:    ------------------------------------------------------
57    |Info:    |               Detecting I2C devices                |
57    |Info:    ------------------------------------------------------
57    |Info:    ------------------------------------------------------
57    |Info:    |            Detecting I2C DIMM modules              |
57    |Info:    ------------------------------------------------------
57    |Info:    ------------------------------------------------------
57    |Info:    |               Detecting I2C PCI devices            |
57    |Info:    ------------------------------------------------------
58    |Info:    ------------------------------------------------------
58    |Info:    |               Detecting HID devices                |
58    |Info:    ------------------------------------------------------
58    |Info:    ------------------------------------------------------
58    |Info:    |            Detecting libusb HID devices            |
58    |Info:    ------------------------------------------------------
63    |Info:    ------------------------------------------------------
63    |Info:    |              Detecting other devices               |
63    |Info:    ------------------------------------------------------
63    |Info:    [ResourceManager] Calling Post-detection callbacks
63    |Info:    ------------------------------------------------------
63    |Info:    |                Detection completed                 |
63    |Info:    ------------------------------------------------------
63    |Dialog:  <h2>Some internal devices may not be detected:</h2><p>One or more I2C or SMBus interfaces failed to initialize.</p><p><b>RGB DRAM modules, some motherboards' onboard RGB lighting, and RGB Graphics Cards, will not be available in OpenRGB</b> without I2C or SMBus.</p><h4>How to fix this:</h4><p>On Linux, this is usually because the i2c-dev module is not loaded.</p><p>You must load the i2c-dev module along with the correct i2c driver for your motherboard. This is usually i2c-piix4 for AMD systems and i2c-i801 for Intel systems.</p><p>See <a href='https://help.openrgb.org/'>help.openrgb.org</a> for additional troubleshooting steps if you keep seeing this message.<br></p><h3>If you are not using internal RGB on a desktop this message is not important to you.</h3>
2340  |Info:    [ResourceManager] Initializing HID interfaces: Success
2340  |Warning: [ResourceManager] Detection coroutine: assigned a new coroutine when one was already scheduled - probably two rescan events sent at once
2340  |Info:    ------------------------------------------------------
2340  |Info:    |               Start device detection               |
2340  |Info:    ------------------------------------------------------
2343  |Info:    ------------------------------------------------------
2343  |Info:    |             Detecting I2C interfaces               |
2343  |Info:    ------------------------------------------------------
2343  |Info:    [ResourceManager] Registering I2C interface: /dev/i2c-3 Device 10DE:28E1 Subsystem: 17AA:3D06
2343  |Info:    [ResourceManager] Registering I2C interface: /dev/i2c-1 Device 0000:0000 Subsystem: 0000:0000
2343  |Info:    [ResourceManager] Registering I2C interface: /dev/i2c-6 Device 8086:7A23 Subsystem: 17AA:3807
2343  |Info:    [ResourceManager] Registering I2C interface: /dev/i2c-4 Device 10DE:28E1 Subsystem: 17AA:3D06
2343  |Info:    [ResourceManager] Registering I2C interface: /dev/i2c-2 Device 10DE:28E1 Subsystem: 17AA:3D06
2343  |Info:    [ResourceManager] Registering I2C interface: /dev/i2c-SYNA2BA6:00 Device 0000:0000 Subsystem: 0000:0000
2343  |Info:    [ResourceManager] Registering I2C interface: /dev/i2c-0 Device 0000:0000 Subsystem: 0000:0000
2343  |Info:    [ResourceManager] Registering I2C interface: /dev/i2c-5 Device 10DE:28E1 Subsystem: 17AA:3D06
2343  |Info:    ------------------------------------------------------
2343  |Info:    |               Detecting I2C devices                |
2343  |Info:    ------------------------------------------------------
2343  |Info:    ------------------------------------------------------
2343  |Info:    |            Detecting I2C DIMM modules              |
2343  |Info:    ------------------------------------------------------
2343  |Info:    ------------------------------------------------------
2343  |Info:    |               Detecting I2C PCI devices            |
2343  |Info:    ------------------------------------------------------
2344  |Info:    ------------------------------------------------------
2344  |Info:    |               Detecting HID devices                |
2344  |Info:    ------------------------------------------------------
2344  |Info:    ------------------------------------------------------
2344  |Info:    |            Detecting libusb HID devices            |
2344  |Info:    ------------------------------------------------------
2347  |Info:    ------------------------------------------------------
2347  |Info:    |              Detecting other devices               |
2347  |Info:    ------------------------------------------------------
2347  |Info:    [ResourceManager] Calling Post-detection callbacks
2347  |Info:    ------------------------------------------------------
2347  |Info:    |                Detection completed                 |
2347  |Info:    ------------------------------------------------------
2347  |Dialog:  <h2>Some internal devices may not be detected:</h2><p>One or more I2C or SMBus interfaces failed to initialize.</p><p><b>RGB DRAM modules, some motherboards' onboard RGB lighting, and RGB Graphics Cards, will not be available in OpenRGB</b> without I2C or SMBus.</p><h4>How to fix this:</h4><p>On Linux, this is usually because the i2c-dev module is not loaded.</p><p>You must load the i2c-dev module along with the correct i2c driver for your motherboard. This is usually i2c-piix4 for AMD systems and i2c-i801 for Intel systems.</p><p>See <a href='https://help.openrgb.org/'>help.openrgb.org</a> for additional troubleshooting steps if you keep seeing this message.<br></p><h3>If you are not using internal RGB on a desktop this message is not important to you.</h3>
