    OpenRGB v0.9+ (1.0rc2)
    Commit:  from 
    Launched: 20260619_125302
====================================================================================================

0     |Info:    [ProfileManager] Found file: warm-yellow.orp attempting to validate header
0     |Info:    [ProfileManager] Valid v5 profile found for warm-yellow
0     |Info:    [ProfileManager] Found file: G102-warm-yellow.orp attempting to validate header
0     |Info:    [ProfileManager] Valid v5 profile found for G102-warm-yellow
52    |Info:    [ResourceManager] Initializing HID interfaces: Success
52    |Info:    ------------------------------------------------------
52    |Info:    |               Start device detection               |
52    |Info:    ------------------------------------------------------
55    |Info:    ------------------------------------------------------
55    |Info:    |             Detecting I2C interfaces               |
55    |Info:    ------------------------------------------------------
55    |Info:    [ResourceManager] Registering I2C interface: /dev/i2c-3 Device 10DE:28E1 Subsystem: 17AA:3D06
55    |Info:    [ResourceManager] Registering I2C interface: /dev/i2c-1 Device 0000:0000 Subsystem: 0000:0000
55    |Info:    [ResourceManager] Registering I2C interface: /dev/i2c-6 Device 8086:7A23 Subsystem: 17AA:3807
55    |Info:    [ResourceManager] Registering I2C interface: /dev/i2c-4 Device 10DE:28E1 Subsystem: 17AA:3D06
55    |Info:    [ResourceManager] Registering I2C interface: /dev/i2c-2 Device 10DE:28E1 Subsystem: 17AA:3D06
56    |Info:    [ResourceManager] Registering I2C interface: /dev/i2c-SYNA2BA6:00 Device 0000:0000 Subsystem: 0000:0000
56    |Info:    [ResourceManager] Registering I2C interface: /dev/i2c-0 Device 0000:0000 Subsystem: 0000:0000
56    |Info:    [ResourceManager] Registering I2C interface: /dev/i2c-5 Device 10DE:28E1 Subsystem: 17AA:3D06
56    |Info:    ------------------------------------------------------
56    |Info:    |               Detecting I2C devices                |
56    |Info:    ------------------------------------------------------
3461  |Info:    ------------------------------------------------------
3461  |Info:    |            Detecting I2C DIMM modules              |
3461  |Info:    ------------------------------------------------------
4798  |Info:    ------------------------------------------------------
4798  |Info:    |               Detecting I2C PCI devices            |
4798  |Info:    ------------------------------------------------------
4799  |Info:    ------------------------------------------------------
4799  |Info:    |               Detecting HID devices                |
4799  |Info:    ------------------------------------------------------
4850  |Info:    [ROYUAN Akko Multi-modes Keyboard-B] Registering RGB controller
4852  |Info:    [Logitech G203 Lightsync] Registering RGB controller
4852  |Info:    ------------------------------------------------------
4852  |Info:    |            Detecting libusb HID devices            |
4852  |Info:    ------------------------------------------------------
4857  |Info:    ------------------------------------------------------
4857  |Info:    |              Detecting other devices               |
4857  |Info:    ------------------------------------------------------
4870  |Info:    [ResourceManager] Calling Post-detection callbacks
4870  |Info:    ------------------------------------------------------
4870  |Info:    |                Detection completed                 |
4870  |Info:    ------------------------------------------------------
4870  |Dialog:  <h2>Some internal devices may not be detected:</h2><p>One or more I2C or SMBus interfaces failed to initialize.</p><p><b>RGB DRAM modules, some motherboards' onboard RGB lighting, and RGB Graphics Cards, will not be available in OpenRGB</b> without I2C or SMBus.</p><h4>How to fix this:</h4><p>On Linux, this is usually because the i2c-dev module is not loaded.</p><p>You must load the i2c-dev module along with the correct i2c driver for your motherboard. This is usually i2c-piix4 for AMD systems and i2c-i801 for Intel systems.</p><p>See <a href='https://help.openrgb.org/'>help.openrgb.org</a> for additional troubleshooting steps if you keep seeing this message.<br></p><h3>If you are not using internal RGB on a desktop this message is not important to you.</h3>
22898 |Info:    [ProfileManager] Profile loading: Succeeded for ROYUAN Akko Multi-modes Keyboard-B @ HID: /dev/hidraw2
22898 |Info:    [ProfileManager] Profile loading: Succeeded for Logitech G203 Lightsync @ HID: /dev/hidraw4
35929 |Info:    [ProfileManager] Found file: warm-yellow.orp attempting to validate header
35929 |Info:    [ProfileManager] Valid v5 profile found for warm-yellow
35929 |Info:    [ProfileManager] Found file: G102-warm-yellow.orp attempting to validate header
35929 |Info:    [ProfileManager] Valid v5 profile found for G102-warm-yellow
36880 |Info:    [ProfileManager] Profile loading: Succeeded for ROYUAN Akko Multi-modes Keyboard-B @ HID: /dev/hidraw2
36880 |Info:    [ProfileManager] Profile loading: Succeeded for Logitech G203 Lightsync @ HID: /dev/hidraw4
48591 |Info:    [ProfileManager] Found file: warm-yellow.orp attempting to validate header
48591 |Info:    [ProfileManager] Valid v5 profile found for warm-yellow
48591 |Info:    [ProfileManager] Found file: G102-warm-yellow.orp attempting to validate header
48591 |Info:    [ProfileManager] Valid v5 profile found for G102-warm-yellow
48977 |Info:    [ProfileManager] Profile loading: Succeeded for ROYUAN Akko Multi-modes Keyboard-B @ HID: /dev/hidraw2
48978 |Info:    [ProfileManager] Profile loading: Succeeded for Logitech G203 Lightsync @ HID: /dev/hidraw4
62640 |Info:    [ProfileManager] Found file: warm-yellow.orp attempting to validate header
62640 |Info:    [ProfileManager] Valid v5 profile found for warm-yellow
62640 |Info:    [ProfileManager] Found file: G102-warm-yellow.orp attempting to validate header
62640 |Info:    [ProfileManager] Valid v5 profile found for G102-warm-yellow
63253 |Info:    [ProfileManager] Profile loading: Succeeded for ROYUAN Akko Multi-modes Keyboard-B @ HID: /dev/hidraw2
63253 |Info:    [ProfileManager] Profile loading: Succeeded for Logitech G203 Lightsync @ HID: /dev/hidraw4
65909 |Info:    [ProfileManager] Profile loading: Succeeded for ROYUAN Akko Multi-modes Keyboard-B @ HID: /dev/hidraw2
65909 |Info:    [ProfileManager] Profile loading: Succeeded for Logitech G203 Lightsync @ HID: /dev/hidraw4
66160 |Info:    [ProfileManager] Profile loading: Succeeded for ROYUAN Akko Multi-modes Keyboard-B @ HID: /dev/hidraw2
66160 |Info:    [ProfileManager] Profile loading: Succeeded for Logitech G203 Lightsync @ HID: /dev/hidraw4
