    OpenRGB v0.9+ (1.0rc2)
    Commit:  from 
    Launched: 20260331_103426
====================================================================================================

1     |Info:    [ProfileManager] Found file: G102-warm-yellow.orp attempting to validate header
1     |Info:    [ProfileManager] Valid v5 profile found for G102-warm-yellow
1078  |Info:    [ResourceManager] Initializing HID interfaces: Success
1078  |Info:    ------------------------------------------------------
1078  |Info:    |               Start device detection               |
1078  |Info:    ------------------------------------------------------
1082  |Info:    ------------------------------------------------------
1082  |Info:    |             Detecting I2C interfaces               |
1082  |Info:    ------------------------------------------------------
1082  |Info:    [ResourceManager] Registering I2C interface: /dev/i2c-3 Device 8086:A78B Subsystem: 17AA:3D07
1083  |Info:    [ResourceManager] Registering I2C interface: /dev/i2c-10 Device 8086:A78B Subsystem: 17AA:3D07
1083  |Info:    [ResourceManager] Registering I2C interface: /dev/i2c-1 Device 0000:0000 Subsystem: 0000:0000
1083  |Info:    [ResourceManager] Registering I2C interface: /dev/i2c-8 Device 8086:A78B Subsystem: 17AA:3D07
1083  |Info:    [ResourceManager] Registering I2C interface: /dev/i2c-6 Device 8086:A78B Subsystem: 17AA:3D07
1083  |Warning: [i2c_smbus_linux] Failed to read i2c device PCI device ID
1083  |Info:    [ResourceManager] Registering I2C interface: /dev/i2c-13 Device 0000:0000 Subsystem: 0000:0000
1083  |Info:    [ResourceManager] Registering I2C interface: /dev/i2c-4 Device 8086:A78B Subsystem: 17AA:3D07
1083  |Warning: [i2c_smbus_linux] Failed to read i2c device PCI device ID
1083  |Info:    [ResourceManager] Registering I2C interface: /dev/i2c-11 Device 0000:0000 Subsystem: 0000:0000
1083  |Info:    [ResourceManager] Registering I2C interface: /dev/i2c-2 Device 8086:A78B Subsystem: 17AA:3D07
1083  |Info:    [ResourceManager] Registering I2C interface: /dev/i2c-SYNA2BA6:00 Device 0000:0000 Subsystem: 0000:0000
1083  |Info:    [ResourceManager] Registering I2C interface: /dev/i2c-0 Device 0000:0000 Subsystem: 0000:0000
1083  |Info:    [ResourceManager] Registering I2C interface: /dev/i2c-9 Device 8086:A78B Subsystem: 17AA:3D07
1083  |Info:    [ResourceManager] Registering I2C interface: /dev/i2c-7 Device 8086:A78B Subsystem: 17AA:3D07
1083  |Info:    [ResourceManager] Registering I2C interface: /dev/i2c-14 Device 8086:7A23 Subsystem: 17AA:3807
1083  |Info:    [ResourceManager] Registering I2C interface: /dev/i2c-5 Device 8086:A78B Subsystem: 17AA:3D07
1083  |Warning: [i2c_smbus_linux] Failed to read i2c device PCI device ID
1083  |Info:    [ResourceManager] Registering I2C interface: /dev/i2c-12 Device 0000:0000 Subsystem: 0000:0000
1083  |Info:    ------------------------------------------------------
1083  |Info:    |               Detecting I2C devices                |
1083  |Info:    ------------------------------------------------------
3458  |Info:    ------------------------------------------------------
3458  |Info:    |            Detecting I2C DIMM modules              |
3458  |Info:    ------------------------------------------------------
4793  |Info:    ------------------------------------------------------
4794  |Info:    |               Detecting I2C PCI devices            |
4794  |Info:    ------------------------------------------------------
4796  |Info:    ------------------------------------------------------
4796  |Info:    |               Detecting HID devices                |
4796  |Info:    ------------------------------------------------------
4796  |Info:    ------------------------------------------------------
4796  |Info:    |            Detecting libusb HID devices            |
4796  |Info:    ------------------------------------------------------
4802  |Info:    ------------------------------------------------------
4802  |Info:    |              Detecting other devices               |
4802  |Info:    ------------------------------------------------------
4817  |Info:    [ResourceManager] Calling Post-detection callbacks
4817  |Info:    ------------------------------------------------------
4817  |Info:    |                Detection completed                 |
4817  |Info:    ------------------------------------------------------
4817  |Dialog:  <h2>Some internal devices may not be detected:</h2><p>One or more I2C or SMBus interfaces failed to initialize.</p><p><b>RGB DRAM modules, some motherboards' onboard RGB lighting, and RGB Graphics Cards, will not be available in OpenRGB</b> without I2C or SMBus.</p><h4>How to fix this:</h4><p>On Linux, this is usually because the i2c-dev module is not loaded.</p><p>You must load the i2c-dev module along with the correct i2c driver for your motherboard. This is usually i2c-piix4 for AMD systems and i2c-i801 for Intel systems.</p><p>See <a href='https://help.openrgb.org/'>help.openrgb.org</a> for additional troubleshooting steps if you keep seeing this message.<br></p><h3>If you are not using internal RGB on a desktop this message is not important to you.</h3>
