    OpenRGB v0.9+ (1.0rc2)
    Commit:  from 
    Launched: 20260619_125208
====================================================================================================

0     |Info:    [ProfileManager] Found file: warm-yellow.orp attempting to validate header
0     |Info:    [ProfileManager] Valid v5 profile found for warm-yellow
0     |Info:    [ProfileManager] Found file: G102-warm-yellow.orp attempting to validate header
0     |Info:    [ProfileManager] Valid v5 profile found for G102-warm-yellow
53    |Info:    [ResourceManager] Initializing HID interfaces: Success
53    |Info:    ------------------------------------------------------
53    |Info:    |               Start device detection               |
53    |Info:    ------------------------------------------------------
58    |Info:    ------------------------------------------------------
58    |Info:    |             Detecting I2C interfaces               |
58    |Info:    ------------------------------------------------------
58    |Info:    [ResourceManager] Registering I2C interface: /dev/i2c-3 Device 10DE:28E1 Subsystem: 17AA:3D06
58    |Info:    [ResourceManager] Registering I2C interface: /dev/i2c-1 Device 0000:0000 Subsystem: 0000:0000
58    |Info:    [ResourceManager] Registering I2C interface: /dev/i2c-6 Device 8086:7A23 Subsystem: 17AA:3807
58    |Info:    [ResourceManager] Registering I2C interface: /dev/i2c-4 Device 10DE:28E1 Subsystem: 17AA:3D06
58    |Info:    [ResourceManager] Registering I2C interface: /dev/i2c-2 Device 10DE:28E1 Subsystem: 17AA:3D06
58    |Info:    [ResourceManager] Registering I2C interface: /dev/i2c-SYNA2BA6:00 Device 0000:0000 Subsystem: 0000:0000
58    |Info:    [ResourceManager] Registering I2C interface: /dev/i2c-0 Device 0000:0000 Subsystem: 0000:0000
58    |Info:    [ResourceManager] Registering I2C interface: /dev/i2c-5 Device 10DE:28E1 Subsystem: 17AA:3D06
58    |Info:    ------------------------------------------------------
58    |Info:    |               Detecting I2C devices                |
58    |Info:    ------------------------------------------------------
3453  |Info:    ------------------------------------------------------
3453  |Info:    |            Detecting I2C DIMM modules              |
3453  |Info:    ------------------------------------------------------
4789  |Info:    ------------------------------------------------------
4789  |Info:    |               Detecting I2C PCI devices            |
4789  |Info:    ------------------------------------------------------
4790  |Info:    ------------------------------------------------------
4790  |Info:    |               Detecting HID devices                |
4790  |Info:    ------------------------------------------------------
4842  |Info:    [ROYUAN Akko Multi-modes Keyboard-B] Registering RGB controller
4844  |Info:    [Logitech G203 Lightsync] Registering RGB controller
4844  |Info:    ------------------------------------------------------
4844  |Info:    |            Detecting libusb HID devices            |
4844  |Info:    ------------------------------------------------------
4850  |Info:    ------------------------------------------------------
4850  |Info:    |              Detecting other devices               |
4850  |Info:    ------------------------------------------------------
4863  |Info:    [ResourceManager] Calling Post-detection callbacks
4863  |Info:    ------------------------------------------------------
4863  |Info:    |                Detection completed                 |
4863  |Info:    ------------------------------------------------------
4863  |Dialog:  <h2>Some internal devices may not be detected:</h2><p>One or more I2C or SMBus interfaces failed to initialize.</p><p><b>RGB DRAM modules, some motherboards' onboard RGB lighting, and RGB Graphics Cards, will not be available in OpenRGB</b> without I2C or SMBus.</p><h4>How to fix this:</h4><p>On Linux, this is usually because the i2c-dev module is not loaded.</p><p>You must load the i2c-dev module along with the correct i2c driver for your motherboard. This is usually i2c-piix4 for AMD systems and i2c-i801 for Intel systems.</p><p>See <a href='https://help.openrgb.org/'>help.openrgb.org</a> for additional troubleshooting steps if you keep seeing this message.<br></p><h3>If you are not using internal RGB on a desktop this message is not important to you.</h3>
16144 |Info:    [ProfileManager] Profile loading: Succeeded for ROYUAN Akko Multi-modes Keyboard-B @ HID: /dev/hidraw2
16144 |Info:    [ProfileManager] Profile loading: Succeeded for Logitech G203 Lightsync @ HID: /dev/hidraw4
44973 |Info:    [ProfileManager] Found file: warm-yellow.orp attempting to validate header
44973 |Info:    [ProfileManager] Valid v5 profile found for warm-yellow
44973 |Info:    [ProfileManager] Found file: G102-warm-yellow.orp attempting to validate header
44973 |Info:    [ProfileManager] Valid v5 profile found for G102-warm-yellow
48964 |Info:    [ProfileManager] Profile loading: Succeeded for ROYUAN Akko Multi-modes Keyboard-B @ HID: /dev/hidraw2
48964 |Info:    [ProfileManager] Profile loading: Succeeded for Logitech G203 Lightsync @ HID: /dev/hidraw4
51647 |Info:    [ProfileManager] Profile loading: Succeeded for ROYUAN Akko Multi-modes Keyboard-B @ HID: /dev/hidraw2
51647 |Info:    [ProfileManager] Profile loading: Succeeded for Logitech G203 Lightsync @ HID: /dev/hidraw4
51900 |Info:    [ProfileManager] Profile loading: Succeeded for ROYUAN Akko Multi-modes Keyboard-B @ HID: /dev/hidraw2
51900 |Info:    [ProfileManager] Profile loading: Succeeded for Logitech G203 Lightsync @ HID: /dev/hidraw4
