    OpenRGB v0.9+ (1.0rc2)
    Commit:  from 
    Launched: 20260609_130237
====================================================================================================

1     |Info:    [ProfileManager] Found file: G102-warm-yellow.orp attempting to validate header
2     |Info:    [ProfileManager] Valid v5 profile found for G102-warm-yellow
1082  |Info:    [ResourceManager] Initializing HID interfaces: Success
1082  |Info:    ------------------------------------------------------
1082  |Info:    |               Start device detection               |
1082  |Info:    ------------------------------------------------------
1083  |Info:    ------------------------------------------------------
1083  |Info:    |             Detecting I2C interfaces               |
1083  |Info:    ------------------------------------------------------
1084  |Info:    [ResourceManager] Registering I2C interface: /dev/i2c-3 Device 8086:A78B Subsystem: 17AA:3D06
1084  |Info:    [ResourceManager] Registering I2C interface: /dev/i2c-10 Device 8086:A78B Subsystem: 17AA:3D06
1084  |Info:    [ResourceManager] Registering I2C interface: /dev/i2c-1 Device 0000:0000 Subsystem: 0000:0000
1084  |Info:    [ResourceManager] Registering I2C interface: /dev/i2c-17 Device 10DE:28E1 Subsystem: 17AA:3D06
1084  |Info:    [ResourceManager] Registering I2C interface: /dev/i2c-8 Device 8086:A78B Subsystem: 17AA:3D06
1084  |Info:    [ResourceManager] Registering I2C interface: /dev/i2c-15 Device 10DE:28E1 Subsystem: 17AA:3D06
1084  |Info:    [ResourceManager] Registering I2C interface: /dev/i2c-6 Device 8086:A78B Subsystem: 17AA:3D06
1084  |Warning: [i2c_smbus_linux] Failed to read i2c device PCI device ID
1084  |Info:    [ResourceManager] Registering I2C interface: /dev/i2c-13 Device 0000:0000 Subsystem: 0000:0000
1084  |Info:    [ResourceManager] Registering I2C interface: /dev/i2c-4 Device 8086:A78B Subsystem: 17AA:3D06
1084  |Warning: [i2c_smbus_linux] Failed to read i2c device PCI device ID
1084  |Info:    [ResourceManager] Registering I2C interface: /dev/i2c-11 Device 0000:0000 Subsystem: 0000:0000
1084  |Info:    [ResourceManager] Registering I2C interface: /dev/i2c-2 Device 8086:A78B Subsystem: 17AA:3D06
1084  |Info:    [ResourceManager] Registering I2C interface: /dev/i2c-SYNA2BA6:00 Device 0000:0000 Subsystem: 0000:0000
1084  |Info:    [ResourceManager] Registering I2C interface: /dev/i2c-0 Device 0000:0000 Subsystem: 0000:0000
1084  |Info:    [ResourceManager] Registering I2C interface: /dev/i2c-18 Device 8086:7A23 Subsystem: 17AA:3807
1084  |Info:    [ResourceManager] Registering I2C interface: /dev/i2c-9 Device 8086:A78B Subsystem: 17AA:3D06
1084  |Info:    [ResourceManager] Registering I2C interface: /dev/i2c-16 Device 10DE:28E1 Subsystem: 17AA:3D06
1084  |Info:    [ResourceManager] Registering I2C interface: /dev/i2c-7 Device 8086:A78B Subsystem: 17AA:3D06
1084  |Info:    [ResourceManager] Registering I2C interface: /dev/i2c-14 Device 10DE:28E1 Subsystem: 17AA:3D06
1084  |Info:    [ResourceManager] Registering I2C interface: /dev/i2c-5 Device 8086:A78B Subsystem: 17AA:3D06
1084  |Warning: [i2c_smbus_linux] Failed to read i2c device PCI device ID
1084  |Info:    [ResourceManager] Registering I2C interface: /dev/i2c-12 Device 0000:0000 Subsystem: 0000:0000
1084  |Info:    ------------------------------------------------------
1084  |Info:    |               Detecting I2C devices                |
1084  |Info:    ------------------------------------------------------
1517  |Info:    ------------------------------------------------------
1517  |Info:    |            Detecting I2C DIMM modules              |
1517  |Info:    ------------------------------------------------------
