    OpenRGB v0.9+ (1.0rc2)
    Commit:  from 
    Launched: 20260609_105304
====================================================================================================

1     |Info:    [ProfileManager] Found file: G102-warm-yellow.orp attempting to validate header
2     |Info:    [ProfileManager] Valid v5 profile found for G102-warm-yellow
1085  |Info:    [ResourceManager] Initializing HID interfaces: Success
1085  |Info:    ------------------------------------------------------
1085  |Info:    |               Start device detection               |
1085  |Info:    ------------------------------------------------------
1090  |Info:    ------------------------------------------------------
1090  |Info:    |             Detecting I2C interfaces               |
1090  |Info:    ------------------------------------------------------
1090  |Info:    [ResourceManager] Registering I2C interface: /dev/i2c-3 Device 8086:A78B Subsystem: 17AA:3D06
1090  |Info:    [ResourceManager] Registering I2C interface: /dev/i2c-10 Device 8086:A78B Subsystem: 17AA:3D06
1090  |Info:    [ResourceManager] Registering I2C interface: /dev/i2c-1 Device 0000:0000 Subsystem: 0000:0000
1090  |Info:    [ResourceManager] Registering I2C interface: /dev/i2c-17 Device 10DE:28E1 Subsystem: 17AA:3D06
1090  |Info:    [ResourceManager] Registering I2C interface: /dev/i2c-8 Device 8086:A78B Subsystem: 17AA:3D06
1090  |Info:    [ResourceManager] Registering I2C interface: /dev/i2c-15 Device 10DE:28E1 Subsystem: 17AA:3D06
1090  |Info:    [ResourceManager] Registering I2C interface: /dev/i2c-6 Device 8086:A78B Subsystem: 17AA:3D06
1090  |Warning: [i2c_smbus_linux] Failed to read i2c device PCI device ID
1090  |Info:    [ResourceManager] Registering I2C interface: /dev/i2c-13 Device 0000:0000 Subsystem: 0000:0000
1091  |Info:    [ResourceManager] Registering I2C interface: /dev/i2c-4 Device 8086:A78B Subsystem: 17AA:3D06
1091  |Warning: [i2c_smbus_linux] Failed to read i2c device PCI device ID
1091  |Info:    [ResourceManager] Registering I2C interface: /dev/i2c-11 Device 0000:0000 Subsystem: 0000:0000
1091  |Info:    [ResourceManager] Registering I2C interface: /dev/i2c-2 Device 8086:A78B Subsystem: 17AA:3D06
1091  |Info:    [ResourceManager] Registering I2C interface: /dev/i2c-SYNA2BA6:00 Device 0000:0000 Subsystem: 0000:0000
1091  |Info:    [ResourceManager] Registering I2C interface: /dev/i2c-0 Device 0000:0000 Subsystem: 0000:0000
1091  |Info:    [ResourceManager] Registering I2C interface: /dev/i2c-18 Device 8086:7A23 Subsystem: 17AA:3807
1091  |Info:    [ResourceManager] Registering I2C interface: /dev/i2c-9 Device 8086:A78B Subsystem: 17AA:3D06
1091  |Info:    [ResourceManager] Registering I2C interface: /dev/i2c-16 Device 10DE:28E1 Subsystem: 17AA:3D06
1091  |Info:    [ResourceManager] Registering I2C interface: /dev/i2c-7 Device 8086:A78B Subsystem: 17AA:3D06
1091  |Info:    [ResourceManager] Registering I2C interface: /dev/i2c-14 Device 10DE:28E1 Subsystem: 17AA:3D06
1091  |Info:    [ResourceManager] Registering I2C interface: /dev/i2c-5 Device 8086:A78B Subsystem: 17AA:3D06
1091  |Warning: [i2c_smbus_linux] Failed to read i2c device PCI device ID
1091  |Info:    [ResourceManager] Registering I2C interface: /dev/i2c-12 Device 0000:0000 Subsystem: 0000:0000
1091  |Info:    ------------------------------------------------------
1091  |Info:    |               Detecting I2C devices                |
1091  |Info:    ------------------------------------------------------
1518  |Info:    ------------------------------------------------------
1518  |Info:    |            Detecting I2C DIMM modules              |
1518  |Info:    ------------------------------------------------------
1530  |Info:    [ResourceManager] Detected occupied slot 1, bus 13, type DDR4
1545  |Info:    [ResourceManager] Detected occupied slot 3, bus 13, type DDR4
1556  |Info:    ------------------------------------------------------
1556  |Info:    |               Detecting I2C PCI devices            |
1556  |Info:    ------------------------------------------------------
1557  |Info:    ------------------------------------------------------
1557  |Info:    |               Detecting HID devices                |
1557  |Info:    ------------------------------------------------------
1608  |Info:    [ROYUAN Akko Multi-modes Keyboard-B] Registering RGB controller
1611  |Info:    [Logitech G203 Lightsync] Registering RGB controller
1611  |Info:    ------------------------------------------------------
1611  |Info:    |            Detecting libusb HID devices            |
1611  |Info:    ------------------------------------------------------
1619  |Info:    ------------------------------------------------------
1619  |Info:    |              Detecting other devices               |
1619  |Info:    ------------------------------------------------------
1627  |Info:    [ResourceManager] Calling Post-detection callbacks
1627  |Info:    ------------------------------------------------------
1627  |Info:    |                Detection completed                 |
1627  |Info:    ------------------------------------------------------
1627  |Dialog:  <h2>Some internal devices may not be detected:</h2><p>One or more I2C or SMBus interfaces failed to initialize.</p><p><b>RGB DRAM modules, some motherboards' onboard RGB lighting, and RGB Graphics Cards, will not be available in OpenRGB</b> without I2C or SMBus.</p><h4>How to fix this:</h4><p>On Linux, this is usually because the i2c-dev module is not loaded.</p><p>You must load the i2c-dev module along with the correct i2c driver for your motherboard. This is usually i2c-piix4 for AMD systems and i2c-i801 for Intel systems.</p><p>See <a href='https://help.openrgb.org/'>help.openrgb.org</a> for additional troubleshooting steps if you keep seeing this message.<br></p><h3>If you are not using internal RGB on a desktop this message is not important to you.</h3>
1628  |Info:    [ProfileManager] Profile loading: Succeeded for ROYUAN Akko Multi-modes Keyboard-B @ HID: /dev/hidraw2
1628  |Info:    [ProfileManager] Profile loading: Succeeded for Logitech G203 Lightsync @ HID: /dev/hidraw4
