    OpenRGB v0.9+ (1.0rc2)
    Commit:  from 
    Launched: 20260328_110628
====================================================================================================

1     |Info:    [ProfileManager] Found file: G102-warm-yellow.orp attempting to validate header
2     |Info:    [ProfileManager] Valid v5 profile found for G102-warm-yellow
1085  |Info:    [ResourceManager] Initializing HID interfaces: Success
1085  |Info:    ------------------------------------------------------
1085  |Info:    |               Start device detection               |
1085  |Info:    ------------------------------------------------------
1093  |Info:    ------------------------------------------------------
1093  |Info:    |             Detecting I2C interfaces               |
1093  |Info:    ------------------------------------------------------
1094  |Info:    [ResourceManager] Registering I2C interface: /dev/i2c-3 Device 8086:A78B Subsystem: 17AA:3D07
1094  |Info:    [ResourceManager] Registering I2C interface: /dev/i2c-10 Device 8086:A78B Subsystem: 17AA:3D07
1094  |Info:    [ResourceManager] Registering I2C interface: /dev/i2c-1 Device 0000:0000 Subsystem: 0000:0000
1094  |Info:    [ResourceManager] Registering I2C interface: /dev/i2c-8 Device 8086:A78B Subsystem: 17AA:3D07
1094  |Info:    [ResourceManager] Registering I2C interface: /dev/i2c-6 Device 8086:A78B Subsystem: 17AA:3D07
1094  |Warning: [i2c_smbus_linux] Failed to read i2c device PCI device ID
1094  |Info:    [ResourceManager] Registering I2C interface: /dev/i2c-13 Device 0000:0000 Subsystem: 0000:0000
1094  |Info:    [ResourceManager] Registering I2C interface: /dev/i2c-4 Device 8086:A78B Subsystem: 17AA:3D07
1094  |Warning: [i2c_smbus_linux] Failed to read i2c device PCI device ID
1094  |Info:    [ResourceManager] Registering I2C interface: /dev/i2c-11 Device 0000:0000 Subsystem: 0000:0000
1094  |Info:    [ResourceManager] Registering I2C interface: /dev/i2c-2 Device 8086:A78B Subsystem: 17AA:3D07
1094  |Info:    [ResourceManager] Registering I2C interface: /dev/i2c-0 Device 0000:0000 Subsystem: 0000:0000
1094  |Info:    [ResourceManager] Registering I2C interface: /dev/i2c-9 Device 8086:A78B Subsystem: 17AA:3D07
1094  |Info:    [ResourceManager] Registering I2C interface: /dev/i2c-7 Device 8086:A78B Subsystem: 17AA:3D07
1094  |Info:    [ResourceManager] Registering I2C interface: /dev/i2c-14 Device 8086:7A23 Subsystem: 17AA:3807
1094  |Info:    [ResourceManager] Registering I2C interface: /dev/i2c-5 Device 8086:A78B Subsystem: 17AA:3D07
1094  |Warning: [i2c_smbus_linux] Failed to read i2c device PCI device ID
1094  |Info:    [ResourceManager] Registering I2C interface: /dev/i2c-12 Device 0000:0000 Subsystem: 0000:0000
1094  |Info:    ------------------------------------------------------
1094  |Info:    |               Detecting I2C devices                |
1094  |Info:    ------------------------------------------------------
1556  |Info:    ------------------------------------------------------
1556  |Info:    |            Detecting I2C DIMM modules              |
1556  |Info:    ------------------------------------------------------
1565  |Info:    [ResourceManager] Detected occupied slot 1, bus 12, type Key: E
1568  |Info:    [ResourceManager] Detected occupied slot 3, bus 12, type Key: E
1568  |Info:    ------------------------------------------------------
1568  |Info:    |               Detecting I2C PCI devices            |
1568  |Info:    ------------------------------------------------------
1570  |Info:    ------------------------------------------------------
1570  |Info:    |               Detecting HID devices                |
1570  |Info:    ------------------------------------------------------
1622  |Info:    [ROYUAN Akko Multi-modes Keyboard-B] Registering RGB controller
1625  |Info:    [Logitech G203 Lightsync] Registering RGB controller
1625  |Info:    ------------------------------------------------------
1625  |Info:    |            Detecting libusb HID devices            |
1625  |Info:    ------------------------------------------------------
1641  |Info:    ------------------------------------------------------
1641  |Info:    |              Detecting other devices               |
1641  |Info:    ------------------------------------------------------
1665  |Info:    [ResourceManager] Calling Post-detection callbacks
1665  |Info:    ------------------------------------------------------
1665  |Info:    |                Detection completed                 |
1665  |Info:    ------------------------------------------------------
1666  |Info:    [ProfileManager] Profile loading: Succeeded for ROYUAN Akko Multi-modes Keyboard-B @ HID: /dev/hidraw2
1666  |Info:    [ProfileManager] Profile loading: Succeeded for Logitech G203 Lightsync @ HID: /dev/hidraw4
