    OpenRGB v0.9+ (1.0rc2)
    Commit:  from 
    Launched: 20260328_140838
====================================================================================================

1     |Info:    [ProfileManager] Found file: G102-warm-yellow.orp attempting to validate header
1     |Info:    [ProfileManager] Valid v5 profile found for G102-warm-yellow
1086  |Info:    [ResourceManager] Initializing HID interfaces: Success
1086  |Info:    ------------------------------------------------------
1086  |Info:    |               Start device detection               |
1086  |Info:    ------------------------------------------------------
1086  |Info:    ------------------------------------------------------
1086  |Info:    |             Detecting I2C interfaces               |
1086  |Info:    ------------------------------------------------------
1086  |Info:    [ResourceManager] Registering I2C interface: /dev/i2c-3 Device 8086:A78B Subsystem: 17AA:3D07
1086  |Info:    [ResourceManager] Registering I2C interface: /dev/i2c-10 Device 8086:A78B Subsystem: 17AA:3D07
1086  |Info:    [ResourceManager] Registering I2C interface: /dev/i2c-1 Device 0000:0000 Subsystem: 0000:0000
1087  |Info:    [ResourceManager] Registering I2C interface: /dev/i2c-8 Device 8086:A78B Subsystem: 17AA:3D07
1087  |Info:    [ResourceManager] Registering I2C interface: /dev/i2c-6 Device 8086:A78B Subsystem: 17AA:3D07
1087  |Warning: [i2c_smbus_linux] Failed to read i2c device PCI device ID
1087  |Info:    [ResourceManager] Registering I2C interface: /dev/i2c-13 Device 0000:0000 Subsystem: 0000:0000
1087  |Info:    [ResourceManager] Registering I2C interface: /dev/i2c-4 Device 8086:A78B Subsystem: 17AA:3D07
1087  |Warning: [i2c_smbus_linux] Failed to read i2c device PCI device ID
1087  |Info:    [ResourceManager] Registering I2C interface: /dev/i2c-11 Device 0000:0000 Subsystem: 0000:0000
1087  |Info:    [ResourceManager] Registering I2C interface: /dev/i2c-2 Device 8086:A78B Subsystem: 17AA:3D07
1087  |Info:    [ResourceManager] Registering I2C interface: /dev/i2c-0 Device 0000:0000 Subsystem: 0000:0000
1087  |Info:    [ResourceManager] Registering I2C interface: /dev/i2c-9 Device 8086:A78B Subsystem: 17AA:3D07
1087  |Info:    [ResourceManager] Registering I2C interface: /dev/i2c-7 Device 8086:A78B Subsystem: 17AA:3D07
1087  |Info:    [ResourceManager] Registering I2C interface: /dev/i2c-14 Device 8086:7A23 Subsystem: 17AA:3807
1087  |Info:    [ResourceManager] Registering I2C interface: /dev/i2c-5 Device 8086:A78B Subsystem: 17AA:3D07
1087  |Warning: [i2c_smbus_linux] Failed to read i2c device PCI device ID
1087  |Info:    [ResourceManager] Registering I2C interface: /dev/i2c-12 Device 0000:0000 Subsystem: 0000:0000
1087  |Info:    ------------------------------------------------------
1087  |Info:    |               Detecting I2C devices                |
1087  |Info:    ------------------------------------------------------
1509  |Info:    ------------------------------------------------------
1509  |Info:    |            Detecting I2C DIMM modules              |
1509  |Info:    ------------------------------------------------------
1518  |Info:    [ResourceManager] Detected occupied slot 1, bus 12, type LPDDR4
1520  |Info:    [ResourceManager] Detected occupied slot 3, bus 12, type LPDDR4
1672  |Info:    ------------------------------------------------------
1672  |Info:    |               Detecting I2C PCI devices            |
1672  |Info:    ------------------------------------------------------
1673  |Info:    ------------------------------------------------------
1673  |Info:    |               Detecting HID devices                |
1673  |Info:    ------------------------------------------------------
1673  |Info:    ------------------------------------------------------
1673  |Info:    |            Detecting libusb HID devices            |
1673  |Info:    ------------------------------------------------------
1675  |Info:    ------------------------------------------------------
1675  |Info:    |              Detecting other devices               |
1675  |Info:    ------------------------------------------------------
1686  |Info:    [ResourceManager] Calling Post-detection callbacks
1686  |Info:    ------------------------------------------------------
1686  |Info:    |                Detection completed                 |
1686  |Info:    ------------------------------------------------------
