    OpenRGB v0.9+ (1.0rc2)
    Commit:  from 
    Launched: 20260328_142414
====================================================================================================

1     |Info:    [ProfileManager] Found file: G102-warm-yellow.orp attempting to validate header
1     |Info:    [ProfileManager] Valid v5 profile found for G102-warm-yellow
1083  |Info:    [ResourceManager] Initializing HID interfaces: Success
1083  |Info:    ------------------------------------------------------
1083  |Info:    |               Start device detection               |
1083  |Info:    ------------------------------------------------------
1084  |Info:    ------------------------------------------------------
1084  |Info:    |             Detecting I2C interfaces               |
1084  |Info:    ------------------------------------------------------
1084  |Info:    [ResourceManager] Registering I2C interface: /dev/i2c-3 Device 8086:A78B Subsystem: 17AA:3D07
1084  |Info:    [ResourceManager] Registering I2C interface: /dev/i2c-10 Device 8086:A78B Subsystem: 17AA:3D07
1084  |Info:    [ResourceManager] Registering I2C interface: /dev/i2c-1 Device 0000:0000 Subsystem: 0000:0000
1084  |Info:    [ResourceManager] Registering I2C interface: /dev/i2c-8 Device 8086:A78B Subsystem: 17AA:3D07
1084  |Info:    [ResourceManager] Registering I2C interface: /dev/i2c-6 Device 8086:A78B Subsystem: 17AA:3D07
1084  |Warning: [i2c_smbus_linux] Failed to read i2c device PCI device ID
1084  |Info:    [ResourceManager] Registering I2C interface: /dev/i2c-13 Device 0000:0000 Subsystem: 0000:0000
1084  |Info:    [ResourceManager] Registering I2C interface: /dev/i2c-4 Device 8086:A78B Subsystem: 17AA:3D07
1084  |Warning: [i2c_smbus_linux] Failed to read i2c device PCI device ID
1084  |Info:    [ResourceManager] Registering I2C interface: /dev/i2c-11 Device 0000:0000 Subsystem: 0000:0000
1084  |Info:    [ResourceManager] Registering I2C interface: /dev/i2c-2 Device 8086:A78B Subsystem: 17AA:3D07
1084  |Info:    [ResourceManager] Registering I2C interface: /dev/i2c-0 Device 0000:0000 Subsystem: 0000:0000
1084  |Info:    [ResourceManager] Registering I2C interface: /dev/i2c-9 Device 8086:A78B Subsystem: 17AA:3D07
1084  |Info:    [ResourceManager] Registering I2C interface: /dev/i2c-7 Device 8086:A78B Subsystem: 17AA:3D07
1085  |Info:    [ResourceManager] Registering I2C interface: /dev/i2c-14 Device 8086:7A23 Subsystem: 17AA:3807
1085  |Info:    [ResourceManager] Registering I2C interface: /dev/i2c-5 Device 8086:A78B Subsystem: 17AA:3D07
1085  |Warning: [i2c_smbus_linux] Failed to read i2c device PCI device ID
1085  |Info:    [ResourceManager] Registering I2C interface: /dev/i2c-12 Device 0000:0000 Subsystem: 0000:0000
1085  |Info:    ------------------------------------------------------
1085  |Info:    |               Detecting I2C devices                |
1085  |Info:    ------------------------------------------------------
4573  |Info:    ------------------------------------------------------
4573  |Info:    |            Detecting I2C DIMM modules              |
4573  |Info:    ------------------------------------------------------
5910  |Info:    ------------------------------------------------------
5910  |Info:    |               Detecting I2C PCI devices            |
5910  |Info:    ------------------------------------------------------
5911  |Info:    ------------------------------------------------------
5911  |Info:    |               Detecting HID devices                |
5911  |Info:    ------------------------------------------------------
5911  |Info:    ------------------------------------------------------
5911  |Info:    |            Detecting libusb HID devices            |
5911  |Info:    ------------------------------------------------------
5913  |Info:    ------------------------------------------------------
5913  |Info:    |              Detecting other devices               |
5913  |Info:    ------------------------------------------------------
5924  |Info:    [ResourceManager] Calling Post-detection callbacks
5924  |Info:    ------------------------------------------------------
5924  |Info:    |                Detection completed                 |
5924  |Info:    ------------------------------------------------------
