    OpenRGB v0.9+ (1.0rc2)
    Commit:  from 
    Launched: 20260612_094519
====================================================================================================

0     |Info:    [ProfileManager] Found file: G102-warm-yellow.orp attempting to validate header
0     |Info:    [ProfileManager] Valid v5 profile found for G102-warm-yellow
53    |Info:    [ResourceManager] Initializing HID interfaces: Success
53    |Info:    ------------------------------------------------------
53    |Info:    |               Start device detection               |
53    |Info:    ------------------------------------------------------
59    |Info:    ------------------------------------------------------
59    |Info:    |             Detecting I2C interfaces               |
59    |Info:    ------------------------------------------------------
59    |Info:    [ResourceManager] Registering I2C interface: /dev/i2c-3 Device 8086:A78B Subsystem: 17AA:3D07
59    |Info:    [ResourceManager] Registering I2C interface: /dev/i2c-10 Device 8086:A78B Subsystem: 17AA:3D07
59    |Info:    [ResourceManager] Registering I2C interface: /dev/i2c-1 Device 0000:0000 Subsystem: 0000:0000
59    |Info:    [ResourceManager] Registering I2C interface: /dev/i2c-8 Device 8086:A78B Subsystem: 17AA:3D07
59    |Info:    [ResourceManager] Registering I2C interface: /dev/i2c-6 Device 8086:A78B Subsystem: 17AA:3D07
59    |Warning: [i2c_smbus_linux] Failed to read i2c device PCI device ID
59    |Info:    [ResourceManager] Registering I2C interface: /dev/i2c-13 Device 0000:0000 Subsystem: 0000:0000
59    |Info:    [ResourceManager] Registering I2C interface: /dev/i2c-4 Device 8086:A78B Subsystem: 17AA:3D07
59    |Warning: [i2c_smbus_linux] Failed to read i2c device PCI device ID
59    |Info:    [ResourceManager] Registering I2C interface: /dev/i2c-11 Device 0000:0000 Subsystem: 0000:0000
59    |Info:    [ResourceManager] Registering I2C interface: /dev/i2c-2 Device 8086:A78B Subsystem: 17AA:3D07
59    |Info:    [ResourceManager] Registering I2C interface: /dev/i2c-SYNA2BA6:00 Device 0000:0000 Subsystem: 0000:0000
59    |Info:    [ResourceManager] Registering I2C interface: /dev/i2c-0 Device 0000:0000 Subsystem: 0000:0000
59    |Info:    [ResourceManager] Registering I2C interface: /dev/i2c-9 Device 8086:A78B Subsystem: 17AA:3D07
59    |Info:    [ResourceManager] Registering I2C interface: /dev/i2c-7 Device 8086:A78B Subsystem: 17AA:3D07
59    |Info:    [ResourceManager] Registering I2C interface: /dev/i2c-14 Device 8086:7A23 Subsystem: 17AA:3807
59    |Info:    [ResourceManager] Registering I2C interface: /dev/i2c-5 Device 8086:A78B Subsystem: 17AA:3D07
60    |Warning: [i2c_smbus_linux] Failed to read i2c device PCI device ID
60    |Info:    [ResourceManager] Registering I2C interface: /dev/i2c-12 Device 0000:0000 Subsystem: 0000:0000
60    |Info:    ------------------------------------------------------
60    |Info:    |               Detecting I2C devices                |
60    |Info:    ------------------------------------------------------
3598  |Info:    ------------------------------------------------------
3598  |Info:    |            Detecting I2C DIMM modules              |
3598  |Info:    ------------------------------------------------------
