    OpenRGB v0.9+ (1.0rc2)
    Commit:  from 
    Launched: 20260619_131917
====================================================================================================

0     |Info:    [ProfileManager] Found file: warm-yellow.orp attempting to validate header
0     |Info:    [ProfileManager] Valid v5 profile found for warm-yellow
0     |Info:    [ProfileManager] Found file: warm-yellow-2.orp attempting to validate header
0     |Info:    [ProfileManager] Valid v5 profile found for warm-yellow-2
0     |Info:    [ProfileManager] Found file: G102-warm-yellow.orp attempting to validate header
0     |Info:    [ProfileManager] Valid v5 profile found for G102-warm-yellow
53    |Info:    [ResourceManager] Initializing HID interfaces: Success
53    |Info:    ------------------------------------------------------
53    |Info:    |               Start device detection               |
53    |Info:    ------------------------------------------------------
56    |Info:    ------------------------------------------------------
56    |Info:    |             Detecting I2C interfaces               |
56    |Info:    ------------------------------------------------------
56    |Info:    [ResourceManager] Registering I2C interface: /dev/i2c-3 Device 10DE:28E1 Subsystem: 17AA:3D06
56    |Info:    [ResourceManager] Registering I2C interface: /dev/i2c-1 Device 0000:0000 Subsystem: 0000:0000
56    |Info:    [ResourceManager] Registering I2C interface: /dev/i2c-6 Device 8086:7A23 Subsystem: 17AA:3807
56    |Info:    [ResourceManager] Registering I2C interface: /dev/i2c-4 Device 10DE:28E1 Subsystem: 17AA:3D06
56    |Info:    [ResourceManager] Registering I2C interface: /dev/i2c-2 Device 10DE:28E1 Subsystem: 17AA:3D06
56    |Info:    [ResourceManager] Registering I2C interface: /dev/i2c-SYNA2BA6:00 Device 0000:0000 Subsystem: 0000:0000
56    |Info:    [ResourceManager] Registering I2C interface: /dev/i2c-0 Device 0000:0000 Subsystem: 0000:0000
56    |Info:    [ResourceManager] Registering I2C interface: /dev/i2c-5 Device 10DE:28E1 Subsystem: 17AA:3D06
56    |Info:    ------------------------------------------------------
56    |Info:    |               Detecting I2C devices                |
56    |Info:    ------------------------------------------------------
3476  |Info:    ------------------------------------------------------
3476  |Info:    |            Detecting I2C DIMM modules              |
3476  |Info:    ------------------------------------------------------
4813  |Info:    ------------------------------------------------------
4813  |Info:    |               Detecting I2C PCI devices            |
4813  |Info:    ------------------------------------------------------
4814  |Info:    ------------------------------------------------------
4814  |Info:    |               Detecting HID devices                |
4814  |Info:    ------------------------------------------------------
4866  |Info:    [ROYUAN Akko Multi-modes Keyboard-B] Registering RGB controller
4868  |Info:    [Logitech G203 Lightsync] Registering RGB controller
4868  |Info:    ------------------------------------------------------
4868  |Info:    |            Detecting libusb HID devices            |
4868  |Info:    ------------------------------------------------------
4874  |Info:    ------------------------------------------------------
4874  |Info:    |              Detecting other devices               |
4874  |Info:    ------------------------------------------------------
4887  |Info:    [ResourceManager] Calling Post-detection callbacks
4887  |Info:    ------------------------------------------------------
4887  |Info:    |                Detection completed                 |
4887  |Info:    ------------------------------------------------------
4887  |Dialog:  <h2>Some internal devices may not be detected:</h2><p>One or more I2C or SMBus interfaces failed to initialize.</p><p><b>RGB DRAM modules, some motherboards' onboard RGB lighting, and RGB Graphics Cards, will not be available in OpenRGB</b> without I2C or SMBus.</p><h4>How to fix this:</h4><p>On Linux, this is usually because the i2c-dev module is not loaded.</p><p>You must load the i2c-dev module along with the correct i2c driver for your motherboard. This is usually i2c-piix4 for AMD systems and i2c-i801 for Intel systems.</p><p>See <a href='https://help.openrgb.org/'>help.openrgb.org</a> for additional troubleshooting steps if you keep seeing this message.<br></p><h3>If you are not using internal RGB on a desktop this message is not important to you.</h3>
17530 |Info:    [ProfileManager] Profile loading: Succeeded for ROYUAN Akko Multi-modes Keyboard-B @ HID: /dev/hidraw2
17530 |Info:    [ProfileManager] Profile loading: Succeeded for Logitech G203 Lightsync @ HID: /dev/hidraw4
23415 |Info:    [ProfileManager] Profile loading: Succeeded for ROYUAN Akko Multi-modes Keyboard-B @ HID: /dev/hidraw2
23415 |Info:    [ProfileManager] Profile loading: Succeeded for Logitech G203 Lightsync @ HID: /dev/hidraw4
26428 |Info:    [ProfileManager] Profile loading: Succeeded for ROYUAN Akko Multi-modes Keyboard-B @ HID: /dev/hidraw2
26428 |Info:    [ProfileManager] Profile loading: Succeeded for Logitech G203 Lightsync @ HID: /dev/hidraw4
878488|Info:    [ResourceManager] Initializing HID interfaces: Success
878488|Warning: [ResourceManager] Detection coroutine: assigned a new coroutine when one was already scheduled - probably two rescan events sent at once
878488|Info:    ------------------------------------------------------
878488|Info:    |               Start device detection               |
878488|Info:    ------------------------------------------------------
878491|Info:    ------------------------------------------------------
878491|Info:    |             Detecting I2C interfaces               |
878491|Info:    ------------------------------------------------------
878491|Info:    [ResourceManager] Registering I2C interface: /dev/i2c-3 Device 10DE:28E1 Subsystem: 17AA:3D06
878491|Info:    [ResourceManager] Registering I2C interface: /dev/i2c-1 Device 0000:0000 Subsystem: 0000:0000
878491|Info:    [ResourceManager] Registering I2C interface: /dev/i2c-6 Device 8086:7A23 Subsystem: 17AA:3807
878491|Info:    [ResourceManager] Registering I2C interface: /dev/i2c-4 Device 10DE:28E1 Subsystem: 17AA:3D06
878491|Info:    [ResourceManager] Registering I2C interface: /dev/i2c-2 Device 10DE:28E1 Subsystem: 17AA:3D06
878491|Info:    [ResourceManager] Registering I2C interface: /dev/i2c-SYNA2BA6:00 Device 0000:0000 Subsystem: 0000:0000
878491|Info:    [ResourceManager] Registering I2C interface: /dev/i2c-0 Device 0000:0000 Subsystem: 0000:0000
878491|Info:    [ResourceManager] Registering I2C interface: /dev/i2c-5 Device 10DE:28E1 Subsystem: 17AA:3D06
878491|Info:    ------------------------------------------------------
878491|Info:    |               Detecting I2C devices                |
878491|Info:    ------------------------------------------------------
881883|Info:    ------------------------------------------------------
881883|Info:    |            Detecting I2C DIMM modules              |
881883|Info:    ------------------------------------------------------
883219|Info:    ------------------------------------------------------
883219|Info:    |               Detecting I2C PCI devices            |
883219|Info:    ------------------------------------------------------
883220|Info:    ------------------------------------------------------
883220|Info:    |               Detecting HID devices                |
883220|Info:    ------------------------------------------------------
883272|Info:    [ROYUAN Akko Multi-modes Keyboard-B] Registering RGB controller
883275|Info:    [Logitech G203 Lightsync] Registering RGB controller
883275|Info:    ------------------------------------------------------
883275|Info:    |            Detecting libusb HID devices            |
883275|Info:    ------------------------------------------------------
883278|Info:    ------------------------------------------------------
883278|Info:    |              Detecting other devices               |
883278|Info:    ------------------------------------------------------
883279|Warning: [LEDStripController] port value cannot be left empty.
883282|Info:    [ResourceManager] Calling Post-detection callbacks
883282|Info:    ------------------------------------------------------
883282|Info:    |                Detection completed                 |
883282|Info:    ------------------------------------------------------
883282|Dialog:  <h2>Some internal devices may not be detected:</h2><p>One or more I2C or SMBus interfaces failed to initialize.</p><p><b>RGB DRAM modules, some motherboards' onboard RGB lighting, and RGB Graphics Cards, will not be available in OpenRGB</b> without I2C or SMBus.</p><h4>How to fix this:</h4><p>On Linux, this is usually because the i2c-dev module is not loaded.</p><p>You must load the i2c-dev module along with the correct i2c driver for your motherboard. This is usually i2c-piix4 for AMD systems and i2c-i801 for Intel systems.</p><p>See <a href='https://help.openrgb.org/'>help.openrgb.org</a> for additional troubleshooting steps if you keep seeing this message.<br></p><h3>If you are not using internal RGB on a desktop this message is not important to you.</h3>
898236|Info:    [ProfileManager] Profile loading: Succeeded for ROYUAN Akko Multi-modes Keyboard-B @ HID: /dev/hidraw2
898236|Info:    [ProfileManager] Profile loading: Succeeded for Logitech G203 Lightsync @ HID: /dev/hidraw4
914867|Info:    [ProfileManager] Profile loading: Succeeded for ROYUAN Akko Multi-modes Keyboard-B @ HID: /dev/hidraw2
914867|Info:    [ProfileManager] Profile loading: Succeeded for Logitech G203 Lightsync @ HID: /dev/hidraw4
1152199|Info:    [ProfileManager] Profile loading: Succeeded for ROYUAN Akko Multi-modes Keyboard-B @ HID: /dev/hidraw2
1152199|Info:    [ProfileManager] Profile loading: Succeeded for Logitech G203 Lightsync @ HID: /dev/hidraw4
1388112|ERROR:   [OpenRGBPluginsPage] Failed to install plugin: filesystem error: cannot copy: No such file or directory [] [/home/maxpast/.config/OpenRGB/plugins/]
1459623|Info:    [ProfileManager] Profile loading: Succeeded for ROYUAN Akko Multi-modes Keyboard-B @ HID: /dev/hidraw2
1459623|Info:    [ProfileManager] Profile loading: Succeeded for Logitech G203 Lightsync @ HID: /dev/hidraw4
1459876|Info:    [ProfileManager] Profile loading: Succeeded for ROYUAN Akko Multi-modes Keyboard-B @ HID: /dev/hidraw2
1459876|Info:    [ProfileManager] Profile loading: Succeeded for Logitech G203 Lightsync @ HID: /dev/hidraw4
