    OpenRGB v0.9+ (1.0rc2)
    Commit:  from 
    Launched: 20260421_225313
====================================================================================================

1     |Info:    [ProfileManager] Found file: G102-warm-yellow.orp attempting to validate header
2     |Info:    [ProfileManager] Valid v5 profile found for G102-warm-yellow
1089  |Info:    [ResourceManager] Initializing HID interfaces: Success
1089  |Info:    ------------------------------------------------------
1089  |Info:    |               Start device detection               |
1089  |Info:    ------------------------------------------------------
1092  |Info:    ------------------------------------------------------
1092  |Info:    |             Detecting I2C interfaces               |
1092  |Info:    ------------------------------------------------------
1092  |Info:    [ResourceManager] Registering I2C interface: /dev/i2c-3 Device 8086:A78B Subsystem: 17AA:3D07
1092  |Info:    [ResourceManager] Registering I2C interface: /dev/i2c-10 Device 8086:A78B Subsystem: 17AA:3D07
1092  |Info:    [ResourceManager] Registering I2C interface: /dev/i2c-1 Device 0000:0000 Subsystem: 0000:0000
1092  |Info:    [ResourceManager] Registering I2C interface: /dev/i2c-8 Device 8086:A78B Subsystem: 17AA:3D07
1092  |Info:    [ResourceManager] Registering I2C interface: /dev/i2c-6 Device 8086:A78B Subsystem: 17AA:3D07
1092  |Warning: [i2c_smbus_linux] Failed to read i2c device PCI device ID
1092  |Info:    [ResourceManager] Registering I2C interface: /dev/i2c-13 Device 0000:0000 Subsystem: 0000:0000
1092  |Info:    [ResourceManager] Registering I2C interface: /dev/i2c-4 Device 8086:A78B Subsystem: 17AA:3D07
1092  |Info:    [ResourceManager] Registering I2C interface: /dev/i2c-11 Device 8086:A78B Subsystem: 17AA:3D07
1092  |Info:    [ResourceManager] Registering I2C interface: /dev/i2c-2 Device 8086:7A23 Subsystem: 17AA:3807
1092  |Info:    [ResourceManager] Registering I2C interface: /dev/i2c-SYNA2BA6:00 Device 0000:0000 Subsystem: 0000:0000
1092  |Info:    [ResourceManager] Registering I2C interface: /dev/i2c-0 Device 0000:0000 Subsystem: 0000:0000
1092  |Info:    [ResourceManager] Registering I2C interface: /dev/i2c-9 Device 8086:A78B Subsystem: 17AA:3D07
1092  |Info:    [ResourceManager] Registering I2C interface: /dev/i2c-7 Device 8086:A78B Subsystem: 17AA:3D07
1092  |Warning: [i2c_smbus_linux] Failed to read i2c device PCI device ID
1092  |Info:    [ResourceManager] Registering I2C interface: /dev/i2c-14 Device 0000:0000 Subsystem: 0000:0000
1092  |Info:    [ResourceManager] Registering I2C interface: /dev/i2c-5 Device 8086:A78B Subsystem: 17AA:3D07
1092  |Warning: [i2c_smbus_linux] Failed to read i2c device PCI device ID
1092  |Info:    [ResourceManager] Registering I2C interface: /dev/i2c-12 Device 0000:0000 Subsystem: 0000:0000
1092  |Info:    ------------------------------------------------------
1092  |Info:    |               Detecting I2C devices                |
1092  |Info:    ------------------------------------------------------
1525  |Info:    ------------------------------------------------------
1525  |Info:    |            Detecting I2C DIMM modules              |
1525  |Info:    ------------------------------------------------------
1531  |Info:    [ResourceManager] Detected occupied slot 1, bus 8, type Key: Caps Lock
1533  |Info:    [ResourceManager] Detected occupied slot 3, bus 8, type Key: Caps Lock
1533  |Info:    ------------------------------------------------------
1533  |Info:    |               Detecting I2C PCI devices            |
1533  |Info:    ------------------------------------------------------
1534  |Info:    ------------------------------------------------------
1534  |Info:    |               Detecting HID devices                |
1534  |Info:    ------------------------------------------------------
1585  |Info:    [ROYUAN Akko Multi-modes Keyboard-B] Registering RGB controller
1588  |Info:    [Logitech G203 Lightsync] Registering RGB controller
1588  |Info:    ------------------------------------------------------
1588  |Info:    |            Detecting libusb HID devices            |
1588  |Info:    ------------------------------------------------------
1596  |Info:    ------------------------------------------------------
1596  |Info:    |              Detecting other devices               |
1596  |Info:    ------------------------------------------------------
1606  |Info:    [ResourceManager] Calling Post-detection callbacks
1606  |Info:    ------------------------------------------------------
1606  |Info:    |                Detection completed                 |
1606  |Info:    ------------------------------------------------------
1606  |Dialog:  <h2>Some internal devices may not be detected:</h2><p>One or more I2C or SMBus interfaces failed to initialize.</p><p><b>RGB DRAM modules, some motherboards' onboard RGB lighting, and RGB Graphics Cards, will not be available in OpenRGB</b> without I2C or SMBus.</p><h4>How to fix this:</h4><p>On Linux, this is usually because the i2c-dev module is not loaded.</p><p>You must load the i2c-dev module along with the correct i2c driver for your motherboard. This is usually i2c-piix4 for AMD systems and i2c-i801 for Intel systems.</p><p>See <a href='https://help.openrgb.org/'>help.openrgb.org</a> for additional troubleshooting steps if you keep seeing this message.<br></p><h3>If you are not using internal RGB on a desktop this message is not important to you.</h3>
1607  |Info:    [ProfileManager] Profile loading: Succeeded for ROYUAN Akko Multi-modes Keyboard-B @ HID: /dev/hidraw2
1607  |Info:    [ProfileManager] Profile loading: Succeeded for Logitech G203 Lightsync @ HID: /dev/hidraw4
