    OpenRGB v0.9+ (1.0rc2)
    Commit:  from 
    Launched: 20260619_134640
====================================================================================================

1     |Info:    [ProfileManager] Found file: warm-yellow.orp attempting to validate header
1     |Info:    [ProfileManager] Valid v5 profile found for warm-yellow
1     |Info:    [ProfileManager] Found file: warm-yellow-2.orp attempting to validate header
2     |Info:    [ProfileManager] Valid v5 profile found for warm-yellow-2
2     |Info:    [ProfileManager] Found file: G102-warm-yellow.orp attempting to validate header
2     |Info:    [ProfileManager] Valid v5 profile found for G102-warm-yellow
1088  |Info:    [ResourceManager] Initializing HID interfaces: Success
1088  |Info:    ------------------------------------------------------
1088  |Info:    |               Start device detection               |
1088  |Info:    ------------------------------------------------------
1091  |Info:    ------------------------------------------------------
1091  |Info:    |             Detecting I2C interfaces               |
1091  |Info:    ------------------------------------------------------
1091  |Info:    [ResourceManager] Registering I2C interface: /dev/i2c-3 Device 10DE:28E1 Subsystem: 17AA:3D06
1091  |Info:    [ResourceManager] Registering I2C interface: /dev/i2c-1 Device 0000:0000 Subsystem: 0000:0000
1091  |Info:    [ResourceManager] Registering I2C interface: /dev/i2c-6 Device 8086:7A23 Subsystem: 17AA:3807
1091  |Info:    [ResourceManager] Registering I2C interface: /dev/i2c-4 Device 10DE:28E1 Subsystem: 17AA:3D06
1091  |Info:    [ResourceManager] Registering I2C interface: /dev/i2c-2 Device 10DE:28E1 Subsystem: 17AA:3D06
1091  |Info:    [ResourceManager] Registering I2C interface: /dev/i2c-SYNA2BA6:00 Device 0000:0000 Subsystem: 0000:0000
1091  |Info:    [ResourceManager] Registering I2C interface: /dev/i2c-0 Device 0000:0000 Subsystem: 0000:0000
1091  |Info:    [ResourceManager] Registering I2C interface: /dev/i2c-5 Device 10DE:28E1 Subsystem: 17AA:3D06
1091  |Info:    ------------------------------------------------------
1091  |Info:    |               Detecting I2C devices                |
1091  |Info:    ------------------------------------------------------
1091  |Info:    ------------------------------------------------------
1091  |Info:    |            Detecting I2C DIMM modules              |
1091  |Info:    ------------------------------------------------------
1091  |Info:    ------------------------------------------------------
1091  |Info:    |               Detecting I2C PCI devices            |
1091  |Info:    ------------------------------------------------------
1091  |Info:    ------------------------------------------------------
1091  |Info:    |               Detecting HID devices                |
1091  |Info:    ------------------------------------------------------
1092  |Info:    ------------------------------------------------------
1092  |Info:    |            Detecting libusb HID devices            |
1092  |Info:    ------------------------------------------------------
1099  |Info:    ------------------------------------------------------
1099  |Info:    |              Detecting other devices               |
1099  |Info:    ------------------------------------------------------
1099  |Info:    [ResourceManager] Calling Post-detection callbacks
1099  |Info:    ------------------------------------------------------
1099  |Info:    |                Detection completed                 |
1099  |Info:    ------------------------------------------------------
1099  |Dialog:  <h2>Some internal devices may not be detected:</h2><p>One or more I2C or SMBus interfaces failed to initialize.</p><p><b>RGB DRAM modules, some motherboards' onboard RGB lighting, and RGB Graphics Cards, will not be available in OpenRGB</b> without I2C or SMBus.</p><h4>How to fix this:</h4><p>On Linux, this is usually because the i2c-dev module is not loaded.</p><p>You must load the i2c-dev module along with the correct i2c driver for your motherboard. This is usually i2c-piix4 for AMD systems and i2c-i801 for Intel systems.</p><p>See <a href='https://help.openrgb.org/'>help.openrgb.org</a> for additional troubleshooting steps if you keep seeing this message.<br></p><h3>If you are not using internal RGB on a desktop this message is not important to you.</h3>
