    OpenRGB v0.9+ (1.0rc2)
    Commit:  from 
    Launched: 20260620_170211
====================================================================================================

1     |Info:    [ProfileManager] Found file: warm-yellow.orp attempting to validate header
1     |Info:    [ProfileManager] Valid v5 profile found for warm-yellow
1     |Info:    [ProfileManager] Found file: warm-yellow-mouse-only.orp attempting to validate header
1     |Info:    [ProfileManager] Valid v5 profile found for warm-yellow-mouse-only
1     |Info:    [ProfileManager] Found file: G102-warm-yellow.orp attempting to validate header
1     |Info:    [ProfileManager] Valid v5 profile found for G102-warm-yellow
10    |Info:    [ResourceManager] Initializing HID interfaces: Success
10    |Info:    ------------------------------------------------------
10    |Info:    |               Start device detection               |
10    |Info:    ------------------------------------------------------
14    |Info:    ------------------------------------------------------
14    |Info:    |             Detecting I2C interfaces               |
14    |Info:    ------------------------------------------------------
14    |Info:    [ResourceManager] Registering I2C interface: /dev/i2c-3 Device 10DE:28E1 Subsystem: 17AA:3D06
14    |Info:    [ResourceManager] Registering I2C interface: /dev/i2c-1 Device 0000:0000 Subsystem: 0000:0000
14    |Info:    [ResourceManager] Registering I2C interface: /dev/i2c-6 Device 8086:7A23 Subsystem: 17AA:3807
14    |Info:    [ResourceManager] Registering I2C interface: /dev/i2c-4 Device 10DE:28E1 Subsystem: 17AA:3D06
14    |Info:    [ResourceManager] Registering I2C interface: /dev/i2c-2 Device 10DE:28E1 Subsystem: 17AA:3D06
14    |Info:    [ResourceManager] Registering I2C interface: /dev/i2c-SYNA2BA6:00 Device 0000:0000 Subsystem: 0000:0000
14    |Info:    [ResourceManager] Registering I2C interface: /dev/i2c-0 Device 0000:0000 Subsystem: 0000:0000
14    |Info:    [ResourceManager] Registering I2C interface: /dev/i2c-5 Device 10DE:28E1 Subsystem: 17AA:3D06
14    |Info:    ------------------------------------------------------
14    |Info:    |               Detecting I2C devices                |
14    |Info:    ------------------------------------------------------
3429  |Info:    ------------------------------------------------------
3429  |Info:    |            Detecting I2C DIMM modules              |
3429  |Info:    ------------------------------------------------------
4765  |Info:    ------------------------------------------------------
4765  |Info:    |               Detecting I2C PCI devices            |
4765  |Info:    ------------------------------------------------------
4766  |Info:    ------------------------------------------------------
4766  |Info:    |               Detecting HID devices                |
4766  |Info:    ------------------------------------------------------
4766  |Info:    [ROYUAN Akko Multi-modes Keyboard-B] Registering RGB controller
4769  |Info:    [Logitech G203 Lightsync] Registering RGB controller
4769  |Info:    ------------------------------------------------------
4769  |Info:    |            Detecting libusb HID devices            |
4769  |Info:    ------------------------------------------------------
4779  |Info:    ------------------------------------------------------
4779  |Info:    |              Detecting other devices               |
4779  |Info:    ------------------------------------------------------
4793  |Info:    [ResourceManager] Calling Post-detection callbacks
4793  |Info:    ------------------------------------------------------
4793  |Info:    |                Detection completed                 |
4793  |Info:    ------------------------------------------------------
4793  |Dialog:  <h2>Some internal devices may not be detected:</h2><p>One or more I2C or SMBus interfaces failed to initialize.</p><p><b>RGB DRAM modules, some motherboards' onboard RGB lighting, and RGB Graphics Cards, will not be available in OpenRGB</b> without I2C or SMBus.</p><h4>How to fix this:</h4><p>On Linux, this is usually because the i2c-dev module is not loaded.</p><p>You must load the i2c-dev module along with the correct i2c driver for your motherboard. This is usually i2c-piix4 for AMD systems and i2c-i801 for Intel systems.</p><p>See <a href='https://help.openrgb.org/'>help.openrgb.org</a> for additional troubleshooting steps if you keep seeing this message.<br></p><h3>If you are not using internal RGB on a desktop this message is not important to you.</h3>
